c:\users\user\documents\github\uniprojects\cos3008_datastructures\mycustomgame\mycustomgame\x64\debug\vc143.pdb
c:\users\user\documents\github\uniprojects\cos3008_datastructures\mycustomgame\mycustomgame\x64\debug\vc143.idb
c:\users\user\documents\github\uniprojects\cos3008_datastructures\mycustomgame\mycustomgame\x64\debug\weapon.obj
c:\users\user\documents\github\uniprojects\cos3008_datastructures\mycustomgame\mycustomgame\x64\debug\tool.obj
c:\users\user\documents\github\uniprojects\cos3008_datastructures\mycustomgame\mycustomgame\x64\debug\skillnode.obj
c:\users\user\documents\github\uniprojects\cos3008_datastructures\mycustomgame\mycustomgame\x64\debug\skilladvancement.obj
c:\users\user\documents\github\uniprojects\cos3008_datastructures\mycustomgame\mycustomgame\x64\debug\rattlesnake.obj
c:\users\user\documents\github\uniprojects\cos3008_datastructures\mycustomgame\mycustomgame\x64\debug\position.obj
c:\users\user\documents\github\uniprojects\cos3008_datastructures\mycustomgame\mycustomgame\x64\debug\main.obj
c:\users\user\documents\github\uniprojects\cos3008_datastructures\mycustomgame\mycustomgame\x64\debug\iterator2d.obj
c:\users\user\documents\github\uniprojects\cos3008_datastructures\mycustomgame\mycustomgame\x64\debug\iterator1d.obj
c:\users\user\documents\github\uniprojects\cos3008_datastructures\mycustomgame\mycustomgame\x64\debug\gameenvironment.obj
c:\users\user\documents\github\uniprojects\cos3008_datastructures\mycustomgame\mycustomgame\x64\debug\equipment.obj
c:\users\user\documents\github\uniprojects\cos3008_datastructures\mycustomgame\mycustomgame\x64\debug\environ.obj
c:\users\user\documents\github\uniprojects\cos3008_datastructures\mycustomgame\mycustomgame\x64\debug\charactertask3.obj
c:\users\user\documents\github\uniprojects\cos3008_datastructures\mycustomgame\mycustomgame\x64\debug\character.obj
c:\users\user\documents\github\uniprojects\cos3008_datastructures\mycustomgame\mycustomgame\x64\debug\camelspider.obj
c:\users\user\documents\github\uniprojects\cos3008_datastructures\mycustomgame\mycustomgame\x64\debug\camel.obj
c:\users\user\documents\github\uniprojects\cos3008_datastructures\mycustomgame\mycustomgame\x64\debug\backpack.obj
c:\users\user\documents\github\uniprojects\cos3008_datastructures\mycustomgame\x64\debug\mycustomgame.exe
c:\users\user\documents\github\uniprojects\cos3008_datastructures\mycustomgame\mycustomgame\x64\debug\mycustomgame.ilk
c:\users\user\documents\github\uniprojects\cos3008_datastructures\mycustomgame\x64\debug\mycustomgame.pdb
c:\users\user\documents\github\uniprojects\cos3008_datastructures\mycustomgame\mycustomgame\x64\debug\charactertask3.obj.enc
c:\users\user\documents\github\uniprojects\cos3008_datastructures\mycustomgame\mycustomgame\x64\debug\mycustomgame.tlog\cl.command.1.tlog
c:\users\user\documents\github\uniprojects\cos3008_datastructures\mycustomgame\mycustomgame\x64\debug\mycustomgame.tlog\cl.items.tlog
c:\users\user\documents\github\uniprojects\cos3008_datastructures\mycustomgame\mycustomgame\x64\debug\mycustomgame.tlog\cl.read.1.tlog
c:\users\user\documents\github\uniprojects\cos3008_datastructures\mycustomgame\mycustomgame\x64\debug\mycustomgame.tlog\cl.write.1.tlog
c:\users\user\documents\github\uniprojects\cos3008_datastructures\mycustomgame\mycustomgame\x64\debug\mycustomgame.tlog\link.command.1.tlog
c:\users\user\documents\github\uniprojects\cos3008_datastructures\mycustomgame\mycustomgame\x64\debug\mycustomgame.tlog\link.read.1.tlog
c:\users\user\documents\github\uniprojects\cos3008_datastructures\mycustomgame\mycustomgame\x64\debug\mycustomgame.tlog\link.write.1.tlog
